********************************************************************************
DUPLICATOR-LITE PACKAGE-LOG: 03.01.2021 16:55
NOTICE: Do NOT post to public sites or forums 
********************************************************************************
VERSION:	1.3.40.1
WORDPRESS:	5.6
PHP INFO:	8.0.0 | SAPI: apache2handler
SERVER:		Apache/2.4.46 (Win64) OpenSSL/1.1.1h PHP/8.0.0 
PHP TIME LIMIT: (0) no time limit imposed 
PHP MAX MEMORY: 4294967296 (512M default) 
MEMORY STACK: 2MB

********************************************************************************
DATABASE:
********************************************************************************
BUILD MODE:   MYSQLDUMP
MYSQLTIMEOUT: 5000
MYSQLDUMP:    Is Supported
SQL CREATED: 20210103_mywordpress_80f1e923b116e4812578_20210103165420_database.sql
SQL FILE SIZE: 1.17MB (1223549)
SQL FILE TIME: 2021-01-03 16:56:57
SQL RUNTIME: 93.28 sec.

********************************************************************************
ARCHIVE (ZIP):
********************************************************************************
ARCHIVE DIR:  C:/xampp/htdocs/wordpress
ARCHIVE FILE: 20210103_mywordpress_80f1e923b116e4812578_20210103165420_archive.zip
FILTERS: *OFF*
DIRS:
	not set
FILES:
	not set
EXTS:  not set
----------------------------------------
COMPRESSING
SIZE:	73.4MB
STATS:	Dirs 362 | Files 2,795
SQL ADDED: 20210103_mywordpress_80f1e923b116e4812578_20210103165420_database.sql
ZipArchive Object
(
    [lastId] => 3156
    [status] => 0
    [statusSys] => 0
    [numFiles] => 3157
    [filename] => C:\xampp\htdocs\wordpress\wp-content\backups-dup-lite\tmp\20210103_mywordpress_80f1e923b116e4812578_20210103165420_archive.zip
    [comment] => 
)

FILE ADDED TO ZIP: 3156
COMPRESSION RESULT: '1'
COMPRESSED SIZE: 28.87MB
ARCHIVE RUNTIME: 66.59 sec.
MEMORY STACK: 4MB
building installer
add_extra_files1
add_extra_files2
add_extra_files3
add_extra_files4
Doing archive file check
add_extra_files5
add_extra_files6
add_extra_files8
Successfully opened zip C:/xampp/htdocs/wordpress/wp-content/backups-dup-lite/tmp/20210103_mywordpress_80f1e923b116e4812578_20210103165420_archive.zip
Adding enhanced installer files to archive using ZipArchive
Installer files added to archive
Added to archive
After ziparchive close when adding installer

********************************************************************************
INTEGRITY CHECKS:
********************************************************************************
SQL FILE: 1.17MB
INSTALLER FILE: 61.29KB
ARCHIVE FILE: 30.36MB 
EXPECTED FILE/DIRECTORY COUNT: 3,157
ACTUAL FILE/DIRECTORY COUNT: 3,156
ARCHIVE CONSISTENCY TEST: Pass

********************************************************************************
RECORD ID:[1]
TOTAL PROCESS RUNTIME: 171.28 sec.
PEAK PHP MEMORY USED: 4MB
DONE PROCESSING => 20210103_mywordpress 03.01.2021 16:58

